Using pre-set license
Built from '2021.3/staging' branch; Version is '2021.3.25f1 (68ef2c4f8861) revision 6876972'; Using compiler version '192829333'; Build Type 'Release'
OS: 'Windows 10  (10.0.19045) 64bit Enterprise' Language: 'en' Physical Memory: 32547 MB
BatchMode: 1, IsHumanControllingUs: 0, StartBugReporterOnCrash: 0, Is64bit: 1, IsPro: 1

COMMAND LINE ARGUMENTS:
C:\Program Files\Unity 2021.3.25f1\Editor\Unity.exe
-adb2
-batchMode
-noUpm
-name
AssetImportWorker3
-projectPath
C:/Users/90538/Desktop/GithubProjects/Archer
-logFile
Logs/AssetImportWorker3.log
-srvPort
61048
Successfully changed project path to: C:/Users/90538/Desktop/GithubProjects/Archer
C:/Users/90538/Desktop/GithubProjects/Archer
[UnityMemory] Configuration Parameters - Can be set up in boot.config
    "memorysetup-bucket-allocator-granularity=16"
    "memorysetup-bucket-allocator-bucket-count=8"
    "memorysetup-bucket-allocator-block-size=33554432"
    "memorysetup-bucket-allocator-block-count=8"
    "memorysetup-main-allocator-block-size=16777216"
    "memorysetup-thread-allocator-block-size=16777216"
    "memorysetup-gfx-main-allocator-block-size=16777216"
    "memorysetup-gfx-thread-allocator-block-size=16777216"
    "memorysetup-cache-allocator-block-size=4194304"
    "memorysetup-typetree-allocator-block-size=2097152"
    "memorysetup-profiler-bucket-allocator-granularity=16"
    "memorysetup-profiler-bucket-allocator-bucket-count=8"
    "memorysetup-profiler-bucket-allocator-block-size=33554432"
    "memorysetup-profiler-bucket-allocator-block-count=8"
    "memorysetup-profiler-allocator-block-size=16777216"
    "memorysetup-profiler-editor-allocator-block-size=1048576"
    "memorysetup-temp-allocator-size-main=16777216"
    "memorysetup-job-temp-allocator-block-size=2097152"
    "memorysetup-job-temp-allocator-block-size-background=1048576"
    "memorysetup-job-temp-allocator-reduction-small-platforms=262144"
    "memorysetup-temp-allocator-size-background-worker=32768"
    "memorysetup-temp-allocator-size-job-worker=262144"
    "memorysetup-temp-allocator-size-preload-manager=33554432"
    "memorysetup-temp-allocator-size-nav-mesh-worker=65536"
    "memorysetup-temp-allocator-size-audio-worker=65536"
    "memorysetup-temp-allocator-size-cloud-worker=32768"
    "memorysetup-temp-allocator-size-gi-baking-worker=262144"
    "memorysetup-temp-allocator-size-gfx=262144"
Player connection [10652] Host "[IP] 192.168.0.101 [Port] 0 [Flags] 2 [Guid] 925735334 [EditorId] 925735334 [Version] 1048832 [Id] WindowsEditor(7,DESKTOP-84GBAGC) [Debug] 1 [PackageName] WindowsEditor [ProjectName] Editor" joined multi-casting on [225.0.0.222:54997]...

Player connection [10652] Host "[IP] 192.168.0.101 [Port] 0 [Flags] 2 [Guid] 925735334 [EditorId] 925735334 [Version] 1048832 [Id] WindowsEditor(7,DESKTOP-84GBAGC) [Debug] 1 [PackageName] WindowsEditor [ProjectName] Editor" joined alternative multi-casting on [225.0.0.222:34997]...

Refreshing native plugins compatible for Editor in 125.11 ms, found 3 plugins.
Preloading 0 native plugins for Editor in 0.00 ms.
Initialize engine version: 2021.3.25f1 (68ef2c4f8861)
[Subsystems] Discovering subsystems at path C:/Program Files/Unity 2021.3.25f1/Editor/Data/Resources/UnitySubsystems
[Subsystems] Discovering subsystems at path C:/Users/90538/Desktop/GithubProjects/Archer/Assets
GfxDevice: creating device client; threaded=0; jobified=0
Direct3D:
    Version:  Direct3D 11.0 [level 11.1]
    Renderer: NVIDIA GeForce RTX 3050 Ti Laptop GPU (ID=0x25a0)
    Vendor:   NVIDIA
    VRAM:     3990 MB
    Driver:   31.0.15.1748
Initialize mono
Mono path[0] = 'C:/Program Files/Unity 2021.3.25f1/Editor/Data/Managed'
Mono path[1] = 'C:/Program Files/Unity 2021.3.25f1/Editor/Data/MonoBleedingEdge/lib/mono/unityjit-win32'
Mono config path = 'C:/Program Files/Unity 2021.3.25f1/Editor/Data/MonoBleedingEdge/etc'
Using monoOptions --debugger-agent=transport=dt_socket,embedding=1,server=y,suspend=n,address=127.0.0.1:56956
Begin MonoManager ReloadAssembly
Registering precompiled unity dll's ...
Register platform support module: C:/Program Files/Unity 2021.3.25f1/Editor/Data/PlaybackEngines/AndroidPlayer/UnityEditor.Android.Extensions.dll
Register platform support module: C:/Program Files/Unity 2021.3.25f1/Editor/Data/PlaybackEngines/WindowsStandaloneSupport/UnityEditor.WindowsStandalone.Extensions.dll
Registered in 0.006010 seconds.
Native extension for WindowsStandalone target not found
Native extension for Android target not found
Android Extension - Scanning For ADB Devices 242 ms
Refreshing native plugins compatible for Editor in 150.37 ms, found 3 plugins.
Preloading 0 native plugins for Editor in 0.00 ms.
Mono: successfully reloaded assembly
- Completed reload, in  1.090 seconds
Domain Reload Profiling:
	ReloadAssembly (1090ms)
		BeginReloadAssembly (83ms)
			ExecutionOrderSort (0ms)
			DisableScriptedObjects (0ms)
			BackupInstance (0ms)
			ReleaseScriptingObjects (0ms)
			CreateAndSetChildDomain (1ms)
		EndReloadAssembly (887ms)
			LoadAssemblies (82ms)
			RebuildTransferFunctionScriptingTraits (0ms)
			SetupTypeCache (157ms)
			ReleaseScriptCaches (0ms)
			RebuildScriptCaches (34ms)
			SetupLoadedEditorAssemblies (641ms)
				LogAssemblyErrors (0ms)
				InitializePlatformSupportModulesInManaged (360ms)
				SetLoadedEditorAssemblies (0ms)
				RefreshPlugins (150ms)
				BeforeProcessingInitializeOnLoad (2ms)
				ProcessInitializeOnLoadAttributes (96ms)
				ProcessInitializeOnLoadMethodAttributes (33ms)
				AfterProcessingInitializeOnLoad (0ms)
				EditorAssembliesLoaded (0ms)
			ExecutionOrderSort2 (0ms)
			AwakeInstancesAfterBackupRestoration (0ms)
Platform modules already initialized, skipping
Registering precompiled user dll's ...
Registered in 0.008461 seconds.
Begin MonoManager ReloadAssembly
Symbol file LoadedFromMemory doesn't match image C:\Users\90538\Desktop\GithubProjects\Archer\Library\PackageCache\com.unity.visualscripting@1.8.0\Editor\VisualScripting.Core\Dependencies\YamlDotNet\Unity.VisualScripting.YamlDotNet.dll
Symbol file LoadedFromMemory doesn't match image C:\Users\90538\Desktop\GithubProjects\Archer\Library\PackageCache\com.unity.visualscripting@1.8.0\Editor\VisualScripting.Core\Dependencies\DotNetZip\Unity.VisualScripting.IonicZip.dll
Native extension for WindowsStandalone target not found
Native extension for Android target not found
Refreshing native plugins compatible for Editor in 1.26 ms, found 3 plugins.
Preloading 0 native plugins for Editor in 0.00 ms.
Mono: successfully reloaded assembly
- Completed reload, in  1.943 seconds
Domain Reload Profiling:
	ReloadAssembly (1945ms)
		BeginReloadAssembly (165ms)
			ExecutionOrderSort (0ms)
			DisableScriptedObjects (10ms)
			BackupInstance (0ms)
			ReleaseScriptingObjects (0ms)
			CreateAndSetChildDomain (28ms)
		EndReloadAssembly (1583ms)
			LoadAssemblies (112ms)
			RebuildTransferFunctionScriptingTraits (0ms)
			SetupTypeCache (550ms)
			ReleaseScriptCaches (1ms)
			RebuildScriptCaches (109ms)
			SetupLoadedEditorAssemblies (725ms)
				LogAssemblyErrors (0ms)
				InitializePlatformSupportModulesInManaged (36ms)
				SetLoadedEditorAssemblies (1ms)
				RefreshPlugins (1ms)
				BeforeProcessingInitializeOnLoad (164ms)
				ProcessInitializeOnLoadAttributes (473ms)
				ProcessInitializeOnLoadMethodAttributes (38ms)
				AfterProcessingInitializeOnLoad (12ms)
				EditorAssembliesLoaded (0ms)
			ExecutionOrderSort2 (0ms)
			AwakeInstancesAfterBackupRestoration (9ms)
Platform modules already initialized, skipping
========================================================================
Worker process is ready to serve import requests
Launched and connected shader compiler UnityShaderCompiler.exe after 0.04 seconds
Refreshing native plugins compatible for Editor in 1.57 ms, found 3 plugins.
Preloading 0 native plugins for Editor in 0.00 ms.
Unloading 4103 Unused Serialized files (Serialized files now loaded: 0)
Unloading 42 unused Assets / (357.7 KB). Loaded Objects now: 4568.
Memory consumption went from 146.7 MB to 146.4 MB.
Total: 4.886700 ms (FindLiveObjects: 0.531500 ms CreateObjectMapping: 0.211500 ms MarkObjects: 3.867700 ms  DeleteObjects: 0.273800 ms)

AssetImportParameters requested are different than current active one (requested -> active):
  custom:video-decoder-ogg-theora: a1e56fd34408186e4bbccfd4996cb3dc -> 
  custom:container-muxer-webm: aa71ff27fc2769a1b78a27578f13a17b -> 
  custom:container-demuxer-webm: 4f35f7cbe854078d1ac9338744f61a02 -> 
  custom:video-encoder-webm-vp8: eb34c28f22e8b96e1ab97ce403110664 -> 
  custom:audio-encoder-webm-vorbis: bf7c407c2cedff20999df2af8eb42d56 -> 
  custom:framework-win-MediaFoundation: 216162199b28c13a410421893ffa2e32 -> 
  custom:container-demuxer-ogg: 62fdf1f143b41e24485cea50d1cbac27 -> 
  custom:video-decoder-webm-vp8: 9c59270c3fd7afecdb556c50c9e8de78 -> 
  custom:audio-decoder-ogg-vorbis: bf7c407c2cedff20999df2af8eb42d56 -> 
========================================================================
Received Import Request.
  Time since last request: 2007.201167 seconds.
  path: Assets/Art/GUI Mobile Hyper-Casual/Sprites/Items PSD + PNG/Stars/Blue.png
  artifactKey: Guid(b0224d68703dce749ae3e0a66e5ff0a2) Importer(815301076,1909f56bfc062723c751e8b465ee728b)
Start importing Assets/Art/GUI Mobile Hyper-Casual/Sprites/Items PSD + PNG/Stars/Blue.png using Guid(b0224d68703dce749ae3e0a66e5ff0a2) Importer(815301076,1909f56bfc062723c751e8b465ee728b)  -> (artifact id: '9a48ab26ca89f814e31ccbe44624baf6') in 0.184127 seconds 
========================================================================
Received Import Request.
  Time since last request: 0.000041 seconds.
  path: Assets/Art/GUI Mobile Hyper-Casual/Sprites/Items PSD + PNG/Icon Club/Blue.png
  artifactKey: Guid(66f474ee03c7b4644a235201fa3c4c05) Importer(815301076,1909f56bfc062723c751e8b465ee728b)
Start importing Assets/Art/GUI Mobile Hyper-Casual/Sprites/Items PSD + PNG/Icon Club/Blue.png using Guid(66f474ee03c7b4644a235201fa3c4c05) Importer(815301076,1909f56bfc062723c751e8b465ee728b)  -> (artifact id: 'f73f890c5e1e2269771f7b954e60ae45') in 0.075468 seconds 
========================================================================
Received Import Request.
  Time since last request: 0.000064 seconds.
  path: Assets/Art/GUI Mobile Hyper-Casual/Sprites/Items PSD + PNG/Card/Blue.png
  artifactKey: Guid(ed9256b6ab712fd4191973a31429ac59) Importer(815301076,1909f56bfc062723c751e8b465ee728b)
Start importing Assets/Art/GUI Mobile Hyper-Casual/Sprites/Items PSD + PNG/Card/Blue.png using Guid(ed9256b6ab712fd4191973a31429ac59) Importer(815301076,1909f56bfc062723c751e8b465ee728b)  -> (artifact id: '707f13f895a2ed140a680045d96327e1') in 0.082176 seconds 
========================================================================
Received Import Request.
  Time since last request: 5.208724 seconds.
  path: Assets/Art/GUI Mobile Hyper-Casual/Sprites/Sprites by Menu/Buttons-assets/Blue Buton OK.png
  artifactKey: Guid(f0f7474323b7de24f8819a2ca4ba2fe3) Importer(815301076,1909f56bfc062723c751e8b465ee728b)
Start importing Assets/Art/GUI Mobile Hyper-Casual/Sprites/Sprites by Menu/Buttons-assets/Blue Buton OK.png using Guid(f0f7474323b7de24f8819a2ca4ba2fe3) Importer(815301076,1909f56bfc062723c751e8b465ee728b)  -> (artifact id: '300bc76fc516dffe0e64a2c46f1e2e55') in 0.047020 seconds 
========================================================================
Received Import Request.
  Time since last request: 0.000028 seconds.
  path: Assets/Art/GUI Mobile Hyper-Casual/Sprites/Sprites by Menu/Buttons-assets/Blue Button Go.png
  artifactKey: Guid(e331f5ec78be0494bbedd5c512a6f739) Importer(815301076,1909f56bfc062723c751e8b465ee728b)
Start importing Assets/Art/GUI Mobile Hyper-Casual/Sprites/Sprites by Menu/Buttons-assets/Blue Button Go.png using Guid(e331f5ec78be0494bbedd5c512a6f739) Importer(815301076,1909f56bfc062723c751e8b465ee728b)  -> (artifact id: '3397918fd96e1075209f08fee84dcd36') in 0.029781 seconds 
========================================================================
Received Import Request.
  Time since last request: 0.000030 seconds.
  path: Assets/Art/GUI Mobile Hyper-Casual/Sprites/Sprites by Menu/Buttons-assets/Blue Button Continue.png
  artifactKey: Guid(a8653d5f88eeddc419a999485704841e) Importer(815301076,1909f56bfc062723c751e8b465ee728b)
Start importing Assets/Art/GUI Mobile Hyper-Casual/Sprites/Sprites by Menu/Buttons-assets/Blue Button Continue.png using Guid(a8653d5f88eeddc419a999485704841e) Importer(815301076,1909f56bfc062723c751e8b465ee728b)  -> (artifact id: '0c8155da3f5bdd9bfb9a82592486d658') in 0.022166 seconds 
========================================================================
Received Import Request.
  Time since last request: 3.167705 seconds.
  path: Assets/Art/GUI Mobile Hyper-Casual/Sprites/Items PSD + PNG/Token/Bolt Token.png
  artifactKey: Guid(74ad5d0b40af6de4990be4f57ec5bb60) Importer(815301076,1909f56bfc062723c751e8b465ee728b)
Start importing Assets/Art/GUI Mobile Hyper-Casual/Sprites/Items PSD + PNG/Token/Bolt Token.png using Guid(74ad5d0b40af6de4990be4f57ec5bb60) Importer(815301076,1909f56bfc062723c751e8b465ee728b)  -> (artifact id: '28c26c7c285f5d66f2ea57f232efe5e8') in 0.050483 seconds 
========================================================================
Received Import Request.
  Time since last request: 0.000019 seconds.
  path: Assets/Art/GUI Mobile Hyper-Casual/Sprites/Sprites by Menu/Buttons-assets/Button1.png
  artifactKey: Guid(c22efc3f2930429409681da68ddc3019) Importer(815301076,1909f56bfc062723c751e8b465ee728b)
Start importing Assets/Art/GUI Mobile Hyper-Casual/Sprites/Sprites by Menu/Buttons-assets/Button1.png using Guid(c22efc3f2930429409681da68ddc3019) Importer(815301076,1909f56bfc062723c751e8b465ee728b)  -> (artifact id: 'eff30ec20e145675507b2345d3752c75') in 0.038088 seconds 
========================================================================
Received Import Request.
  Time since last request: 0.000093 seconds.
  path: Assets/Art/GUI Mobile Hyper-Casual/Artwork PSD + Screens/SCREENS/Boutons 2.jpg
  artifactKey: Guid(68262cb7b8312aa47a186adff07b44eb) Importer(815301076,1909f56bfc062723c751e8b465ee728b)
Start importing Assets/Art/GUI Mobile Hyper-Casual/Artwork PSD + Screens/SCREENS/Boutons 2.jpg using Guid(68262cb7b8312aa47a186adff07b44eb) Importer(815301076,1909f56bfc062723c751e8b465ee728b)  -> (artifact id: '833a4a4d870558d77744ef3b09d9d05f') in 0.269258 seconds 
========================================================================
Received Import Request.
  Time since last request: 0.000034 seconds.
  path: Assets/Art/GUI Mobile Hyper-Casual/Sprites/Items PSD + PNG/Sherif Stars/Bronze.png
  artifactKey: Guid(9954e757621332d4688959482e8e508e) Importer(815301076,1909f56bfc062723c751e8b465ee728b)
Start importing Assets/Art/GUI Mobile Hyper-Casual/Sprites/Items PSD + PNG/Sherif Stars/Bronze.png using Guid(9954e757621332d4688959482e8e508e) Importer(815301076,1909f56bfc062723c751e8b465ee728b)  -> (artifact id: '6da21b77cf1682dc4f524d8e38827a27') in 0.047759 seconds 
========================================================================
Received Import Request.
  Time since last request: 0.000027 seconds.
  path: Assets/Art/GUI Mobile Hyper-Casual/Sprites/Items PSD + PNG/Badge/Bronze.png
  artifactKey: Guid(1d6a95f2fffecaa419d6845666497eb4) Importer(815301076,1909f56bfc062723c751e8b465ee728b)
Start importing Assets/Art/GUI Mobile Hyper-Casual/Sprites/Items PSD + PNG/Badge/Bronze.png using Guid(1d6a95f2fffecaa419d6845666497eb4) Importer(815301076,1909f56bfc062723c751e8b465ee728b)  -> (artifact id: '41351c7f0b282fcec2e9dd1e6315cfb9') in 0.045228 seconds 
========================================================================
Received Import Request.
  Time since last request: 0.000026 seconds.
  path: Assets/Art/GUI Mobile Hyper-Casual/Sprites/Items PSD + PNG/Clock/Clock.png
  artifactKey: Guid(9a2ce5827c2740641a0cfd497e71acb3) Importer(815301076,1909f56bfc062723c751e8b465ee728b)
Start importing Assets/Art/GUI Mobile Hyper-Casual/Sprites/Items PSD + PNG/Clock/Clock.png using Guid(9a2ce5827c2740641a0cfd497e71acb3) Importer(815301076,1909f56bfc062723c751e8b465ee728b)  -> (artifact id: '614a3a73e112ad4aecfb571511c69a90') in 0.046360 seconds 
========================================================================
Received Import Request.
  Time since last request: 0.000031 seconds.
  path: Assets/Art/GUI Mobile Hyper-Casual/Sprites/Items PSD + PNG/Clock/Clock.psd
  artifactKey: Guid(610e84ea14d2b30418855c79fa6c9ef6) Importer(815301076,1909f56bfc062723c751e8b465ee728b)
Start importing Assets/Art/GUI Mobile Hyper-Casual/Sprites/Items PSD + PNG/Clock/Clock.psd using Guid(610e84ea14d2b30418855c79fa6c9ef6) Importer(815301076,1909f56bfc062723c751e8b465ee728b)  -> (artifact id: '36a1f72e33d4d3118835a76207dcbf37') in 0.054905 seconds 
========================================================================
Received Import Request.
  Time since last request: 0.000024 seconds.
  path: Assets/Art/GUI Mobile Hyper-Casual/Sprites/Items PSD + PNG/Bow/Bow Outline.png
  artifactKey: Guid(371051f1ea3639d4fb74067afc5593f5) Importer(815301076,1909f56bfc062723c751e8b465ee728b)
Start importing Assets/Art/GUI Mobile Hyper-Casual/Sprites/Items PSD + PNG/Bow/Bow Outline.png using Guid(371051f1ea3639d4fb74067afc5593f5) Importer(815301076,1909f56bfc062723c751e8b465ee728b)  -> (artifact id: 'b3ece50235d8f06a5d180b128e6fe4a6') in 0.041974 seconds 
========================================================================
Received Import Request.
  Time since last request: 1.906026 seconds.
  path: Assets/Art/GUI Mobile Hyper-Casual/Sprites/Sprites by Menu/Home-assets/Close Yellow.png
  artifactKey: Guid(5d63e2f130bccc74a8c34bf480357ba2) Importer(815301076,1909f56bfc062723c751e8b465ee728b)
Start importing Assets/Art/GUI Mobile Hyper-Casual/Sprites/Sprites by Menu/Home-assets/Close Yellow.png using Guid(5d63e2f130bccc74a8c34bf480357ba2) Importer(815301076,1909f56bfc062723c751e8b465ee728b)  -> (artifact id: 'b4fbd608016376088e1f641bc521c118') in 0.032176 seconds 
========================================================================
Received Import Request.
  Time since last request: 0.000016 seconds.
  path: Assets/Art/GUI Mobile Hyper-Casual/Sprites/Items PSD + PNG/Coins/Coin/Coin.psd
  artifactKey: Guid(336ee62f5e878ff4398d27fcedac0744) Importer(815301076,1909f56bfc062723c751e8b465ee728b)
Start importing Assets/Art/GUI Mobile Hyper-Casual/Sprites/Items PSD + PNG/Coins/Coin/Coin.psd using Guid(336ee62f5e878ff4398d27fcedac0744) Importer(815301076,1909f56bfc062723c751e8b465ee728b)  -> (artifact id: '4ebfb8653aa4ca742a2384331c6e8d27') in 0.034340 seconds 
========================================================================
Received Import Request.
  Time since last request: 0.000022 seconds.
  path: Assets/Art/GUI Mobile Hyper-Casual/Sprites/Items PSD + PNG/Clover/Clover.psd
  artifactKey: Guid(0bef11c0b191bb34fb4e70f78ae817b0) Importer(815301076,1909f56bfc062723c751e8b465ee728b)
Start importing Assets/Art/GUI Mobile Hyper-Casual/Sprites/Items PSD + PNG/Clover/Clover.psd using Guid(0bef11c0b191bb34fb4e70f78ae817b0) Importer(815301076,1909f56bfc062723c751e8b465ee728b)  -> (artifact id: '8c932c62a1fc17a3ed8c867f058bab68') in 0.029864 seconds 
========================================================================
Received Import Request.
  Time since last request: 0.086215 seconds.
  path: Assets/Art/GUI Mobile Hyper-Casual/Sprites/Items PSD + PNG/Crown/Crown.psd
  artifactKey: Guid(5ba42c904e134c44b9669728f5fc94b1) Importer(815301076,1909f56bfc062723c751e8b465ee728b)
Start importing Assets/Art/GUI Mobile Hyper-Casual/Sprites/Items PSD + PNG/Crown/Crown.psd using Guid(5ba42c904e134c44b9669728f5fc94b1) Importer(815301076,1909f56bfc062723c751e8b465ee728b)  -> (artifact id: 'a0578f9a007931774163f5cb02212db3') in 0.064402 seconds 
========================================================================
Received Import Request.
  Time since last request: 0.000021 seconds.
  path: Assets/Art/GUI Mobile Hyper-Casual/Sprites/Sprites by Menu/Home-assets/Customize.png
  artifactKey: Guid(d2d5b6b6519f8ad4c955e74ac572fc79) Importer(815301076,1909f56bfc062723c751e8b465ee728b)
Start importing Assets/Art/GUI Mobile Hyper-Casual/Sprites/Sprites by Menu/Home-assets/Customize.png using Guid(d2d5b6b6519f8ad4c955e74ac572fc79) Importer(815301076,1909f56bfc062723c751e8b465ee728b)  -> (artifact id: 'e4be499251b682bae1ca193dd7fe217d') in 0.039328 seconds 
========================================================================
Received Import Request.
  Time since last request: 12.261479 seconds.
  path: Assets/Art/GUI Mobile Hyper-Casual/Sprites/Items PSD + PNG/Double Sword/Double Sword.psd
  artifactKey: Guid(4e5f1b2596b2db4448b7066f84184eae) Importer(815301076,1909f56bfc062723c751e8b465ee728b)
Start importing Assets/Art/GUI Mobile Hyper-Casual/Sprites/Items PSD + PNG/Double Sword/Double Sword.psd using Guid(4e5f1b2596b2db4448b7066f84184eae) Importer(815301076,1909f56bfc062723c751e8b465ee728b)  -> (artifact id: '2b3325c39a24541aa9c980da1243db16') in 0.060695 seconds 
========================================================================
Received Import Request.
  Time since last request: 0.000023 seconds.
  path: Assets/Art/GUI Mobile Hyper-Casual/Sprites/Sprites by Menu/In Game-assets/Good.png
  artifactKey: Guid(6d4eaae8c34f8324889d96cc2054896a) Importer(815301076,1909f56bfc062723c751e8b465ee728b)
Start importing Assets/Art/GUI Mobile Hyper-Casual/Sprites/Sprites by Menu/In Game-assets/Good.png using Guid(6d4eaae8c34f8324889d96cc2054896a) Importer(815301076,1909f56bfc062723c751e8b465ee728b)  -> (artifact id: '4aad475332877d46f0a842c849d337f3') in 0.028247 seconds 
========================================================================
Received Import Request.
  Time since last request: 0.000020 seconds.
  path: Assets/Art/GUI Mobile Hyper-Casual/Sprites/Sprites by Menu/Home-assets/Gift___.png
  artifactKey: Guid(c7e1e364c95e0c943bfa89962a6c93a6) Importer(815301076,1909f56bfc062723c751e8b465ee728b)
Start importing Assets/Art/GUI Mobile Hyper-Casual/Sprites/Sprites by Menu/Home-assets/Gift___.png using Guid(c7e1e364c95e0c943bfa89962a6c93a6) Importer(815301076,1909f56bfc062723c751e8b465ee728b)  -> (artifact id: 'c8c6b508e03357de6901796357137f3a') in 0.038087 seconds 
========================================================================
Received Import Request.
  Time since last request: 0.000039 seconds.
  path: Assets/Art/GUI Mobile Hyper-Casual/Sprites/Items PSD + PNG/Eye/Eye.psd
  artifactKey: Guid(2df1bf089135151429c5a631f2472488) Importer(815301076,1909f56bfc062723c751e8b465ee728b)
Start importing Assets/Art/GUI Mobile Hyper-Casual/Sprites/Items PSD + PNG/Eye/Eye.psd using Guid(2df1bf089135151429c5a631f2472488) Importer(815301076,1909f56bfc062723c751e8b465ee728b)  -> (artifact id: '2366c3fd142ca81e3fa588a09939691e') in 0.039447 seconds 
========================================================================
Received Import Request.
  Time since last request: 0.000031 seconds.
  path: Assets/Art/GUI Mobile Hyper-Casual/Sprites/Items PSD + PNG/Gems/Gem 2/Gem 2.png
  artifactKey: Guid(a94aaf12527b29a4a9f883703a9cad8b) Importer(815301076,1909f56bfc062723c751e8b465ee728b)
Start importing Assets/Art/GUI Mobile Hyper-Casual/Sprites/Items PSD + PNG/Gems/Gem 2/Gem 2.png using Guid(a94aaf12527b29a4a9f883703a9cad8b) Importer(815301076,1909f56bfc062723c751e8b465ee728b)  -> (artifact id: '7c46e3858523c21bc6c8705c01b6ab9c') in 0.039887 seconds 
========================================================================
Received Import Request.
  Time since last request: 0.000029 seconds.
  path: Assets/Art/GUI Mobile Hyper-Casual/Sprites/Items PSD + PNG/Gems/Gem 2 Pack/Gem 2.png
  artifactKey: Guid(66e74331b8926834291022569a0d77f7) Importer(815301076,1909f56bfc062723c751e8b465ee728b)
Start importing Assets/Art/GUI Mobile Hyper-Casual/Sprites/Items PSD + PNG/Gems/Gem 2 Pack/Gem 2.png using Guid(66e74331b8926834291022569a0d77f7) Importer(815301076,1909f56bfc062723c751e8b465ee728b)  -> (artifact id: 'da344ea435b9ce21105bf843985617c3') in 0.039401 seconds 
========================================================================
Received Import Request.
  Time since last request: 0.000024 seconds.
  path: Assets/Art/GUI Mobile Hyper-Casual/Sprites/Sprites by Menu/Buttons-assets/Green Button Start.png
  artifactKey: Guid(f80113ee26c688340b312f1b4a0788ba) Importer(815301076,1909f56bfc062723c751e8b465ee728b)
Start importing Assets/Art/GUI Mobile Hyper-Casual/Sprites/Sprites by Menu/Buttons-assets/Green Button Start.png using Guid(f80113ee26c688340b312f1b4a0788ba) Importer(815301076,1909f56bfc062723c751e8b465ee728b)  -> (artifact id: 'cc9cce6cfc079b8609c3b5dba1834d58') in 0.030505 seconds 
========================================================================
Received Import Request.
  Time since last request: 0.000027 seconds.
  path: Assets/Art/GUI Mobile Hyper-Casual/Sprites/Items PSD + PNG/Key/Key.png
  artifactKey: Guid(43f63da3ba95f474c8603f347c5f5df1) Importer(815301076,1909f56bfc062723c751e8b465ee728b)
Start importing Assets/Art/GUI Mobile Hyper-Casual/Sprites/Items PSD + PNG/Key/Key.png using Guid(43f63da3ba95f474c8603f347c5f5df1) Importer(815301076,1909f56bfc062723c751e8b465ee728b)  -> (artifact id: '08774ab1d93467d6ae02bc29343a7e36') in 0.043158 seconds 
========================================================================
Received Import Request.
  Time since last request: 0.000027 seconds.
  path: Assets/Art/GUI Mobile Hyper-Casual/Sprites/Items PSD + PNG/Mushroom/Mushroom.psd
  artifactKey: Guid(dd00ff8cb7576054a82f5478a1836afa) Importer(815301076,1909f56bfc062723c751e8b465ee728b)
Start importing Assets/Art/GUI Mobile Hyper-Casual/Sprites/Items PSD + PNG/Mushroom/Mushroom.psd using Guid(dd00ff8cb7576054a82f5478a1836afa) Importer(815301076,1909f56bfc062723c751e8b465ee728b)  -> (artifact id: '0437e6b967e88807c4d82b1c48793afa') in 0.040148 seconds 
========================================================================
Received Import Request.
  Time since last request: 0.000035 seconds.
  path: Assets/Art/GUI Mobile Hyper-Casual/Sprites/Items PSD + PNG/Hourglass/Hourglass.png
  artifactKey: Guid(311005a575eeb2743901a4f5e2a7250a) Importer(815301076,1909f56bfc062723c751e8b465ee728b)
Start importing Assets/Art/GUI Mobile Hyper-Casual/Sprites/Items PSD + PNG/Hourglass/Hourglass.png using Guid(311005a575eeb2743901a4f5e2a7250a) Importer(815301076,1909f56bfc062723c751e8b465ee728b)  -> (artifact id: '5dc8b5b1c1192197449c7d933c2bba2a') in 0.047887 seconds 
========================================================================
Received Import Request.
  Time since last request: 0.000023 seconds.
  path: Assets/Art/GUI Mobile Hyper-Casual/Sprites/Items PSD + PNG/Heart/Heart.psd
  artifactKey: Guid(f23d6f6df0f5e0843ac6e0d8f1b78c73) Importer(815301076,1909f56bfc062723c751e8b465ee728b)
Start importing Assets/Art/GUI Mobile Hyper-Casual/Sprites/Items PSD + PNG/Heart/Heart.psd using Guid(f23d6f6df0f5e0843ac6e0d8f1b78c73) Importer(815301076,1909f56bfc062723c751e8b465ee728b)  -> (artifact id: '5cdd5d41b3fedf78d1bd9e18da180c1d') in 0.033056 seconds 
========================================================================
Received Import Request.
  Time since last request: 0.000024 seconds.
  path: Assets/Art/GUI Mobile Hyper-Casual/Sprites/Items PSD + PNG/Key/Key 2.psd
  artifactKey: Guid(989585b95c0893f4f91895fbbb8b5423) Importer(815301076,1909f56bfc062723c751e8b465ee728b)
Start importing Assets/Art/GUI Mobile Hyper-Casual/Sprites/Items PSD + PNG/Key/Key 2.psd using Guid(989585b95c0893f4f91895fbbb8b5423) Importer(815301076,1909f56bfc062723c751e8b465ee728b)  -> (artifact id: '685543fb55bbde7dc4e24574b41b7f74') in 0.037395 seconds 
========================================================================
Received Import Request.
  Time since last request: 0.000022 seconds.
  path: Assets/Art/GUI Mobile Hyper-Casual/Sprites/Items PSD + PNG/Diamonds/Diamond 2/Mauve.png
  artifactKey: Guid(d9a7897c1324e1a48ad118460d0248d7) Importer(815301076,1909f56bfc062723c751e8b465ee728b)
Start importing Assets/Art/GUI Mobile Hyper-Casual/Sprites/Items PSD + PNG/Diamonds/Diamond 2/Mauve.png using Guid(d9a7897c1324e1a48ad118460d0248d7) Importer(815301076,1909f56bfc062723c751e8b465ee728b)  -> (artifact id: '593331a2adedf9d2bb6697f32881b873') in 0.037053 seconds 
========================================================================
Received Import Request.
  Time since last request: 0.000016 seconds.
  path: Assets/Art/GUI Mobile Hyper-Casual/Sprites/Items PSD + PNG/Mail/Mail.png
  artifactKey: Guid(d0251ff55bc852442a7d01ac558b13da) Importer(815301076,1909f56bfc062723c751e8b465ee728b)
Start importing Assets/Art/GUI Mobile Hyper-Casual/Sprites/Items PSD + PNG/Mail/Mail.png using Guid(d0251ff55bc852442a7d01ac558b13da) Importer(815301076,1909f56bfc062723c751e8b465ee728b)  -> (artifact id: '275011d38215540179a9b3edd3fe8711') in 0.040854 seconds 
========================================================================
Received Import Request.
  Time since last request: 0.000018 seconds.
  path: Assets/Art/GUI Mobile Hyper-Casual/Sprites/Items PSD + PNG/Open Book/Outline.png
  artifactKey: Guid(cea82568c82813e42b609985371a9c15) Importer(815301076,1909f56bfc062723c751e8b465ee728b)
Start importing Assets/Art/GUI Mobile Hyper-Casual/Sprites/Items PSD + PNG/Open Book/Outline.png using Guid(cea82568c82813e42b609985371a9c15) Importer(815301076,1909f56bfc062723c751e8b465ee728b)  -> (artifact id: '17cac3925a7577ea84dafdae0f80f21d') in 0.040560 seconds 
========================================================================
Received Import Request.
  Time since last request: 0.000028 seconds.
  path: Assets/Art/GUI Mobile Hyper-Casual/Sprites/Items PSD + PNG/Cup/Outline.png
  artifactKey: Guid(bf9f91627a678b6428f954b26214c1f2) Importer(815301076,1909f56bfc062723c751e8b465ee728b)
Start importing Assets/Art/GUI Mobile Hyper-Casual/Sprites/Items PSD + PNG/Cup/Outline.png using Guid(bf9f91627a678b6428f954b26214c1f2) Importer(815301076,1909f56bfc062723c751e8b465ee728b)  -> (artifact id: 'dc73a38509b7f8875e0341b13de10eaf') in 0.035954 seconds 
========================================================================
Received Import Request.
  Time since last request: 0.000027 seconds.
  path: Assets/Art/GUI Mobile Hyper-Casual/Sprites/Items PSD + PNG/Bag/Bag/Outline.png
  artifactKey: Guid(639cad6b3f81c0d4babd486bb674519f) Importer(815301076,1909f56bfc062723c751e8b465ee728b)
Start importing Assets/Art/GUI Mobile Hyper-Casual/Sprites/Items PSD + PNG/Bag/Bag/Outline.png using Guid(639cad6b3f81c0d4babd486bb674519f) Importer(815301076,1909f56bfc062723c751e8b465ee728b)  -> (artifact id: 'e9e28b16b92a4452d26fc8220f02b760') in 0.038599 seconds 
========================================================================
Received Import Request.
  Time since last request: 0.000045 seconds.
  path: Assets/Art/GUI Mobile Hyper-Casual/Sprites/Items PSD + PNG/Ball/Outline.png
  artifactKey: Guid(d2cef90d2d71cfb4e9a72d6590c92ebe) Importer(815301076,1909f56bfc062723c751e8b465ee728b)
Start importing Assets/Art/GUI Mobile Hyper-Casual/Sprites/Items PSD + PNG/Ball/Outline.png using Guid(d2cef90d2d71cfb4e9a72d6590c92ebe) Importer(815301076,1909f56bfc062723c751e8b465ee728b)  -> (artifact id: '3331b4aae3335b368a26a7ee02cbd05b') in 0.031655 seconds 
========================================================================
Received Import Request.
  Time since last request: 0.000026 seconds.
  path: Assets/Art/GUI Mobile Hyper-Casual/Sprites/Sprites by Menu/Home-assets/Haptic.png
  artifactKey: Guid(b9e6ef2934ebd164b9115e5b9f071c5f) Importer(815301076,1909f56bfc062723c751e8b465ee728b)
Start importing Assets/Art/GUI Mobile Hyper-Casual/Sprites/Sprites by Menu/Home-assets/Haptic.png using Guid(b9e6ef2934ebd164b9115e5b9f071c5f) Importer(815301076,1909f56bfc062723c751e8b465ee728b)  -> (artifact id: 'b68bcd2bd113a833f26722bcbc8f5601') in 0.022205 seconds 
========================================================================
Received Import Request.
  Time since last request: 0.000022 seconds.
  path: Assets/Art/GUI Mobile Hyper-Casual/Sprites/Items PSD + PNG/Hand/Hand.png
  artifactKey: Guid(ba67839386d2ce749bc1e5df336ba2e0) Importer(815301076,1909f56bfc062723c751e8b465ee728b)
Start importing Assets/Art/GUI Mobile Hyper-Casual/Sprites/Items PSD + PNG/Hand/Hand.png using Guid(ba67839386d2ce749bc1e5df336ba2e0) Importer(815301076,1909f56bfc062723c751e8b465ee728b)  -> (artifact id: 'fc5c9180282fe2def2c9f56b1d44199f') in 0.033609 seconds 
========================================================================
Received Import Request.
  Time since last request: 0.000039 seconds.
  path: Assets/Art/GUI Mobile Hyper-Casual/Artwork PSD + Screens/PSD/In Game.psd
  artifactKey: Guid(3c77121e37cff6943b2b710bd8c30db2) Importer(815301076,1909f56bfc062723c751e8b465ee728b)
Start importing Assets/Art/GUI Mobile Hyper-Casual/Artwork PSD + Screens/PSD/In Game.psd using Guid(3c77121e37cff6943b2b710bd8c30db2) Importer(815301076,1909f56bfc062723c751e8b465ee728b)  -> (artifact id: '735db58192cacbf38fabdbf71d2971d7') in 0.152731 seconds 
========================================================================
Received Import Request.
  Time since last request: 0.000017 seconds.
  path: Assets/Art/GUI Mobile Hyper-Casual/Sprites/Sprites by Menu/Buttons-assets/Pub Green Button Open.png
  artifactKey: Guid(2738152b439d83443bbb5c555410c9e9) Importer(815301076,1909f56bfc062723c751e8b465ee728b)
Start importing Assets/Art/GUI Mobile Hyper-Casual/Sprites/Sprites by Menu/Buttons-assets/Pub Green Button Open.png using Guid(2738152b439d83443bbb5c555410c9e9) Importer(815301076,1909f56bfc062723c751e8b465ee728b)  -> (artifact id: 'b70e15ac2d8be1b48ab549f1c32b8435') in 0.027899 seconds 
========================================================================
Received Import Request.
  Time since last request: 0.000042 seconds.
  path: Assets/Art/GUI Mobile Hyper-Casual/Sprites/Sprites by Menu/Prize Machine-assets/PRIZE MACHINE.png
  artifactKey: Guid(22e40ed50dfcbf74ca734b97bc024d28) Importer(815301076,1909f56bfc062723c751e8b465ee728b)
Start importing Assets/Art/GUI Mobile Hyper-Casual/Sprites/Sprites by Menu/Prize Machine-assets/PRIZE MACHINE.png using Guid(22e40ed50dfcbf74ca734b97bc024d28) Importer(815301076,1909f56bfc062723c751e8b465ee728b)  -> (artifact id: '1432e609d93685504a56c485f0a2446b') in 0.024393 seconds 
========================================================================
Received Import Request.
  Time since last request: 0.000028 seconds.
  path: Assets/Art/GUI Mobile Hyper-Casual/Sprites/Items PSD + PNG/Glasses/Glasses.psd
  artifactKey: Guid(1996500707fa824449d7cd19ceacd29d) Importer(815301076,1909f56bfc062723c751e8b465ee728b)
Start importing Assets/Art/GUI Mobile Hyper-Casual/Sprites/Items PSD + PNG/Glasses/Glasses.psd using Guid(1996500707fa824449d7cd19ceacd29d) Importer(815301076,1909f56bfc062723c751e8b465ee728b)  -> (artifact id: '1a971a5c4460d6876c3419b6ef896ed9') in 0.039607 seconds 
========================================================================
Received Import Request.
  Time since last request: 0.000031 seconds.
  path: Assets/Art/GUI Mobile Hyper-Casual/Sprites/Items PSD + PNG/Shield/Green.png
  artifactKey: Guid(8deaa02a91702194991aa135d939178e) Importer(815301076,1909f56bfc062723c751e8b465ee728b)
Start importing Assets/Art/GUI Mobile Hyper-Casual/Sprites/Items PSD + PNG/Shield/Green.png using Guid(8deaa02a91702194991aa135d939178e) Importer(815301076,1909f56bfc062723c751e8b465ee728b)  -> (artifact id: '2931ec867f416cff7e8e01f425d5fea6') in 0.044697 seconds 
========================================================================
Received Import Request.
  Time since last request: 0.000041 seconds.
  path: Assets/Art/GUI Mobile Hyper-Casual/Sprites/Items PSD + PNG/Target/Outline.png
  artifactKey: Guid(fcc30a4fd6257d748a19f7cc92d582dd) Importer(815301076,1909f56bfc062723c751e8b465ee728b)
Start importing Assets/Art/GUI Mobile Hyper-Casual/Sprites/Items PSD + PNG/Target/Outline.png using Guid(fcc30a4fd6257d748a19f7cc92d582dd) Importer(815301076,1909f56bfc062723c751e8b465ee728b)  -> (artifact id: 'a273f958fb7c0e3628c8b58287e1dd56') in 0.041357 seconds 
========================================================================
Received Import Request.
  Time since last request: 0.000023 seconds.
  path: Assets/Art/GUI Mobile Hyper-Casual/Sprites/Items PSD + PNG/Closebook/Outline.png
  artifactKey: Guid(d7778b6e12284974faea6738b506e026) Importer(815301076,1909f56bfc062723c751e8b465ee728b)
Start importing Assets/Art/GUI Mobile Hyper-Casual/Sprites/Items PSD + PNG/Closebook/Outline.png using Guid(d7778b6e12284974faea6738b506e026) Importer(815301076,1909f56bfc062723c751e8b465ee728b)  -> (artifact id: '410b15090d0a58fdeab2179b256247ef') in 0.033870 seconds 
========================================================================
Received Import Request.
  Time since last request: 0.000024 seconds.
  path: Assets/Art/GUI Mobile Hyper-Casual/Sprites/Items PSD + PNG/Pills/Outline.png
  artifactKey: Guid(6c3d28729acfce746b4d99521191c2f2) Importer(815301076,1909f56bfc062723c751e8b465ee728b)
Start importing Assets/Art/GUI Mobile Hyper-Casual/Sprites/Items PSD + PNG/Pills/Outline.png using Guid(6c3d28729acfce746b4d99521191c2f2) Importer(815301076,1909f56bfc062723c751e8b465ee728b)  -> (artifact id: 'c5985ca939af9f2e67043d2a1b3fb64b') in 0.031751 seconds 
========================================================================
Received Import Request.
  Time since last request: 0.000050 seconds.
  path: Assets/Art/GUI Mobile Hyper-Casual/Sprites/Items PSD + PNG/Mushroom/Outline.png
  artifactKey: Guid(180c40c0a79fa7b4f98af4596ec5bb4d) Importer(815301076,1909f56bfc062723c751e8b465ee728b)
Start importing Assets/Art/GUI Mobile Hyper-Casual/Sprites/Items PSD + PNG/Mushroom/Outline.png using Guid(180c40c0a79fa7b4f98af4596ec5bb4d) Importer(815301076,1909f56bfc062723c751e8b465ee728b)  -> (artifact id: '8a762cdcff1166d7f4fd48a1e7955acb') in 0.036019 seconds 
========================================================================
Received Import Request.
  Time since last request: 0.000024 seconds.
  path: Assets/Art/GUI Mobile Hyper-Casual/Sprites/Items PSD + PNG/Hand/Hand.psd
  artifactKey: Guid(223065dd9c1c92f4fa7c241ecb44d84f) Importer(815301076,1909f56bfc062723c751e8b465ee728b)
Start importing Assets/Art/GUI Mobile Hyper-Casual/Sprites/Items PSD + PNG/Hand/Hand.psd using Guid(223065dd9c1c92f4fa7c241ecb44d84f) Importer(815301076,1909f56bfc062723c751e8b465ee728b)  -> (artifact id: '89d7b88938ccb4eacec2003a06f34b52') in 0.233747 seconds 
========================================================================
Received Import Request.
  Time since last request: 0.000029 seconds.
  path: Assets/Art/GUI Mobile Hyper-Casual/Artwork PSD + Screens/SCREENS/In game.jpg
  artifactKey: Guid(be5ab16ec2dd10b4bb27fb3637bc1c63) Importer(815301076,1909f56bfc062723c751e8b465ee728b)
Start importing Assets/Art/GUI Mobile Hyper-Casual/Artwork PSD + Screens/SCREENS/In game.jpg using Guid(be5ab16ec2dd10b4bb27fb3637bc1c63) Importer(815301076,1909f56bfc062723c751e8b465ee728b)  -> (artifact id: '0ffc2eb8de327f52bae62c056e6970ff') in 0.176491 seconds 
========================================================================
Received Import Request.
  Time since last request: 0.000044 seconds.
  path: Assets/Art/GUI Mobile Hyper-Casual/Sprites/Additional White Icons/Mail.png
  artifactKey: Guid(4185c8890e883424b8409a55824fe54f) Importer(815301076,1909f56bfc062723c751e8b465ee728b)
Start importing Assets/Art/GUI Mobile Hyper-Casual/Sprites/Additional White Icons/Mail.png using Guid(4185c8890e883424b8409a55824fe54f) Importer(815301076,1909f56bfc062723c751e8b465ee728b)  -> (artifact id: 'ddb39eefef1b361d54b7ae6321d72da2') in 0.030565 seconds 
========================================================================
Received Import Request.
  Time since last request: 0.000026 seconds.
  path: Assets/Art/GUI Mobile Hyper-Casual/Sprites/Additional White Icons/Lock.png
  artifactKey: Guid(dab9fb85824f5cc41a26f93c45dff36d) Importer(815301076,1909f56bfc062723c751e8b465ee728b)
Start importing Assets/Art/GUI Mobile Hyper-Casual/Sprites/Additional White Icons/Lock.png using Guid(dab9fb85824f5cc41a26f93c45dff36d) Importer(815301076,1909f56bfc062723c751e8b465ee728b)  -> (artifact id: '780c34e3c1b8f169854dca21c6179879') in 0.032787 seconds 
========================================================================
Received Import Request.
  Time since last request: 0.000027 seconds.
  path: Assets/Art/GUI Mobile Hyper-Casual/Sprites/Items PSD + PNG/Potion/Potion2/Potion 1.psd
  artifactKey: Guid(62df1c43ea7e6dd4f8b6074c3c7b0f98) Importer(815301076,1909f56bfc062723c751e8b465ee728b)
Start importing Assets/Art/GUI Mobile Hyper-Casual/Sprites/Items PSD + PNG/Potion/Potion2/Potion 1.psd using Guid(62df1c43ea7e6dd4f8b6074c3c7b0f98) Importer(815301076,1909f56bfc062723c751e8b465ee728b)  -> (artifact id: 'dde146226bbb9fcc868f64b39de8da93') in 0.042707 seconds 
========================================================================
Received Import Request.
  Time since last request: 0.000031 seconds.
  path: Assets/Art/GUI Mobile Hyper-Casual/Sprites/Sprites by Menu/Prize Machine-assets/NO THANKS.png
  artifactKey: Guid(564e3793dcee06c4891631c2d34b1cd8) Importer(815301076,1909f56bfc062723c751e8b465ee728b)
Start importing Assets/Art/GUI Mobile Hyper-Casual/Sprites/Sprites by Menu/Prize Machine-assets/NO THANKS.png using Guid(564e3793dcee06c4891631c2d34b1cd8) Importer(815301076,1909f56bfc062723c751e8b465ee728b)  -> (artifact id: 'e947f4715c3ee5a09ab5027cc9990596') in 0.029837 seconds 
========================================================================
Received Import Request.
  Time since last request: 0.000033 seconds.
  path: Assets/Art/GUI Mobile Hyper-Casual/Sprites/Items PSD + PNG/Key/Grey Key.psd
  artifactKey: Guid(dd180256d2885414aa2d3737401828ba) Importer(815301076,1909f56bfc062723c751e8b465ee728b)
Start importing Assets/Art/GUI Mobile Hyper-Casual/Sprites/Items PSD + PNG/Key/Grey Key.psd using Guid(dd180256d2885414aa2d3737401828ba) Importer(815301076,1909f56bfc062723c751e8b465ee728b)  -> (artifact id: '15599a04814194637431a5a84c1c5331') in 0.036613 seconds 
========================================================================
Received Import Request.
  Time since last request: 0.000018 seconds.
  path: Assets/Art/GUI Mobile Hyper-Casual/Sprites/Items PSD + PNG/Gems/Gem 2 Pack/Gem 2.psd
  artifactKey: Guid(a3b203d174e21e84dae0421d74776b47) Importer(815301076,1909f56bfc062723c751e8b465ee728b)
Start importing Assets/Art/GUI Mobile Hyper-Casual/Sprites/Items PSD + PNG/Gems/Gem 2 Pack/Gem 2.psd using Guid(a3b203d174e21e84dae0421d74776b47) Importer(815301076,1909f56bfc062723c751e8b465ee728b)  -> (artifact id: 'c1b0322e8d734c91c84a62cd7caee706') in 0.025811 seconds 
========================================================================
Received Import Request.
  Time since last request: 0.000040 seconds.
  path: Assets/Art/GUI Mobile Hyper-Casual/Sprites/Items PSD + PNG/Sherif Stars/Outline.png
  artifactKey: Guid(a809a987da9de964e95b4cc1ca28d8ff) Importer(815301076,1909f56bfc062723c751e8b465ee728b)
Start importing Assets/Art/GUI Mobile Hyper-Casual/Sprites/Items PSD + PNG/Sherif Stars/Outline.png using Guid(a809a987da9de964e95b4cc1ca28d8ff) Importer(815301076,1909f56bfc062723c751e8b465ee728b)  -> (artifact id: '86b078e005bd781286231bf7ca23b797') in 0.037608 seconds 
========================================================================
Received Import Request.
  Time since last request: 0.000023 seconds.
  path: Assets/Art/GUI Mobile Hyper-Casual/Sprites/Additional White Icons/Home.png
  artifactKey: Guid(f26ad18237634854fb76794396f3535c) Importer(815301076,1909f56bfc062723c751e8b465ee728b)
Start importing Assets/Art/GUI Mobile Hyper-Casual/Sprites/Additional White Icons/Home.png using Guid(f26ad18237634854fb76794396f3535c) Importer(815301076,1909f56bfc062723c751e8b465ee728b)  -> (artifact id: 'fbfb504e620746a79e673973f4b0eaae') in 0.032211 seconds 
========================================================================
Received Import Request.
  Time since last request: 0.000038 seconds.
  path: Assets/Art/GUI Mobile Hyper-Casual/Sprites/Items PSD + PNG/Stars/Pink.png
  artifactKey: Guid(dbe5a802b59a9734694796da5f6b840a) Importer(815301076,1909f56bfc062723c751e8b465ee728b)
Start importing Assets/Art/GUI Mobile Hyper-Casual/Sprites/Items PSD + PNG/Stars/Pink.png using Guid(dbe5a802b59a9734694796da5f6b840a) Importer(815301076,1909f56bfc062723c751e8b465ee728b)  -> (artifact id: 'a5f1bbb573acc0ad04145d11483fc8c5') in 0.037325 seconds 
========================================================================
Received Import Request.
  Time since last request: 5.312649 seconds.
  path: Assets/Art/GUI Mobile Hyper-Casual/Sprites/Sprites by Menu/Buttons-assets/Pub Purple Button Skip.png
  artifactKey: Guid(0bdbb5949a9dda04dbd602d61c03a648) Importer(815301076,1909f56bfc062723c751e8b465ee728b)
Start importing Assets/Art/GUI Mobile Hyper-Casual/Sprites/Sprites by Menu/Buttons-assets/Pub Purple Button Skip.png using Guid(0bdbb5949a9dda04dbd602d61c03a648) Importer(815301076,1909f56bfc062723c751e8b465ee728b)  -> (artifact id: '876291b7622d25c414f41c286e3fe2a7') in 0.028841 seconds 
========================================================================
Received Import Request.
  Time since last request: 0.000016 seconds.
  path: Assets/Art/GUI Mobile Hyper-Casual/Sprites/Items PSD + PNG/Diamonds/Diamonds/Purple.png
  artifactKey: Guid(8c97facce32255b47a1d01fe87cf72fa) Importer(815301076,1909f56bfc062723c751e8b465ee728b)
Start importing Assets/Art/GUI Mobile Hyper-Casual/Sprites/Items PSD + PNG/Diamonds/Diamonds/Purple.png using Guid(8c97facce32255b47a1d01fe87cf72fa) Importer(815301076,1909f56bfc062723c751e8b465ee728b)  -> (artifact id: 'cfac608dfe8a194243b528bd7be90d0a') in 0.041169 seconds 
========================================================================
Received Import Request.
  Time since last request: 0.000037 seconds.
  path: Assets/Art/GUI Mobile Hyper-Casual/Sprites/Items PSD + PNG/Potion/Potion/Purple.png
  artifactKey: Guid(3bb4a8e48206fc34a86e5f5a776c3c8a) Importer(815301076,1909f56bfc062723c751e8b465ee728b)
Start importing Assets/Art/GUI Mobile Hyper-Casual/Sprites/Items PSD + PNG/Potion/Potion/Purple.png using Guid(3bb4a8e48206fc34a86e5f5a776c3c8a) Importer(815301076,1909f56bfc062723c751e8b465ee728b)  -> (artifact id: '27a0153cbe0f0038d9c246744b296d53') in 0.042420 seconds 
========================================================================
Received Import Request.
  Time since last request: 0.000052 seconds.
  path: Assets/Art/GUI Mobile Hyper-Casual/Sprites/Sprites by Menu/Buttons-assets/Purple Button Next.png
  artifactKey: Guid(0a97b2887f605024390309d9df946d48) Importer(815301076,1909f56bfc062723c751e8b465ee728b)
Start importing Assets/Art/GUI Mobile Hyper-Casual/Sprites/Sprites by Menu/Buttons-assets/Purple Button Next.png using Guid(0a97b2887f605024390309d9df946d48) Importer(815301076,1909f56bfc062723c751e8b465ee728b)  -> (artifact id: '75bf181e6e3f7c2608fe8f38d5b640a3') in 0.030684 seconds 
========================================================================
Received Import Request.
  Time since last request: 0.000021 seconds.
  path: Assets/Art/GUI Mobile Hyper-Casual/Sprites/Sprites by Menu/Buttons-assets/Purple Button Open.png
  artifactKey: Guid(c620a070aa68db14295638283d8f963f) Importer(815301076,1909f56bfc062723c751e8b465ee728b)
Start importing Assets/Art/GUI Mobile Hyper-Casual/Sprites/Sprites by Menu/Buttons-assets/Purple Button Open.png using Guid(c620a070aa68db14295638283d8f963f) Importer(815301076,1909f56bfc062723c751e8b465ee728b)  -> (artifact id: 'c37e542ced3dde8f8bbf180377d0f343') in 0.026141 seconds 
========================================================================
Received Import Request.
  Time since last request: 0.000021 seconds.
  path: Assets/Art/GUI Mobile Hyper-Casual/Sprites/Sprites by Menu/Buttons-assets/Purple Button Continue.png
  artifactKey: Guid(111963f2c7bf0c44c84605e04d851d61) Importer(815301076,1909f56bfc062723c751e8b465ee728b)
Start importing Assets/Art/GUI Mobile Hyper-Casual/Sprites/Sprites by Menu/Buttons-assets/Purple Button Continue.png using Guid(111963f2c7bf0c44c84605e04d851d61) Importer(815301076,1909f56bfc062723c751e8b465ee728b)  -> (artifact id: 'f890bdac57f926dffbb308dc75845369') in 0.026780 seconds 
========================================================================
Received Import Request.
  Time since last request: 0.000025 seconds.
  path: Assets/Art/GUI Mobile Hyper-Casual/Sprites/Items PSD + PNG/Radial Shine/Radial.png
  artifactKey: Guid(7162f932cf14b0f40b2df4e9ee15b38a) Importer(815301076,1909f56bfc062723c751e8b465ee728b)
Start importing Assets/Art/GUI Mobile Hyper-Casual/Sprites/Items PSD + PNG/Radial Shine/Radial.png using Guid(7162f932cf14b0f40b2df4e9ee15b38a) Importer(815301076,1909f56bfc062723c751e8b465ee728b)  -> (artifact id: 'de803addb9b716572f122c733ab32d42') in 0.161494 seconds 
========================================================================
Received Import Request.
  Time since last request: 1.495469 seconds.
  path: Assets/Art/GUI Mobile Hyper-Casual/Sprites/Items PSD + PNG/Pills/Red - Yellow.png
  artifactKey: Guid(fb8378349b0e07548819881f000993b0) Importer(815301076,1909f56bfc062723c751e8b465ee728b)
Start importing Assets/Art/GUI Mobile Hyper-Casual/Sprites/Items PSD + PNG/Pills/Red - Yellow.png using Guid(fb8378349b0e07548819881f000993b0) Importer(815301076,1909f56bfc062723c751e8b465ee728b)  -> (artifact id: '6fbd70a444219df1d2a1262a7a877749') in 0.032902 seconds 
========================================================================
Received Import Request.
  Time since last request: 0.000023 seconds.
  path: Assets/Art/GUI Mobile Hyper-Casual/Sprites/Items PSD + PNG/Gift/Red-Yellow.png
  artifactKey: Guid(728cd4287fe839f4c94a54dd148cdd58) Importer(815301076,1909f56bfc062723c751e8b465ee728b)
Start importing Assets/Art/GUI Mobile Hyper-Casual/Sprites/Items PSD + PNG/Gift/Red-Yellow.png using Guid(728cd4287fe839f4c94a54dd148cdd58) Importer(815301076,1909f56bfc062723c751e8b465ee728b)  -> (artifact id: '509d0a1b598b043b81c19b76176ce82e') in 0.044287 seconds 
========================================================================
Received Import Request.
  Time since last request: 0.000025 seconds.
  path: Assets/Art/GUI Mobile Hyper-Casual/Sprites/Sprites by Menu/Win-assets/Round Level1.png
  artifactKey: Guid(719db591f18339b428572a7810768ceb) Importer(815301076,1909f56bfc062723c751e8b465ee728b)
Start importing Assets/Art/GUI Mobile Hyper-Casual/Sprites/Sprites by Menu/Win-assets/Round Level1.png using Guid(719db591f18339b428572a7810768ceb) Importer(815301076,1909f56bfc062723c751e8b465ee728b)  -> (artifact id: 'b07381825837afe664292e4ba7633825') in 0.028779 seconds 
========================================================================
Received Import Request.
  Time since last request: 0.211433 seconds.
  path: Assets/Art/GUI Mobile Hyper-Casual/Sprites/Additional White Icons/Settings.png
  artifactKey: Guid(d8ae3c17487fd034e8b7b6f782d98260) Importer(815301076,1909f56bfc062723c751e8b465ee728b)
Start importing Assets/Art/GUI Mobile Hyper-Casual/Sprites/Additional White Icons/Settings.png using Guid(d8ae3c17487fd034e8b7b6f782d98260) Importer(815301076,1909f56bfc062723c751e8b465ee728b)  -> (artifact id: 'a9d854d025952d988b76839357955eb3') in 0.026146 seconds 
========================================================================
Received Import Request.
  Time since last request: 0.000029 seconds.
  path: Assets/Art/GUI Mobile Hyper-Casual/Sprites/Additional White Icons/Share.png
  artifactKey: Guid(f8b54c577934b2a488b05fa0623774ca) Importer(815301076,1909f56bfc062723c751e8b465ee728b)
Start importing Assets/Art/GUI Mobile Hyper-Casual/Sprites/Additional White Icons/Share.png using Guid(f8b54c577934b2a488b05fa0623774ca) Importer(815301076,1909f56bfc062723c751e8b465ee728b)  -> (artifact id: '33b644718719b605d09a1bbc6b0d5d44') in 0.030325 seconds 
========================================================================
Received Import Request.
  Time since last request: 0.000031 seconds.
  path: Assets/Art/GUI Mobile Hyper-Casual/Sprites/Items PSD + PNG/Skull/Skull 2.png
  artifactKey: Guid(4f6ab5e1344f5664f83aee751aa31a98) Importer(815301076,1909f56bfc062723c751e8b465ee728b)
Start importing Assets/Art/GUI Mobile Hyper-Casual/Sprites/Items PSD + PNG/Skull/Skull 2.png using Guid(4f6ab5e1344f5664f83aee751aa31a98) Importer(815301076,1909f56bfc062723c751e8b465ee728b)  -> (artifact id: 'cbc65dbcb61b71937dc36792b11ea625') in 0.038975 seconds 
========================================================================
Received Import Request.
  Time since last request: 0.000022 seconds.
  path: Assets/Art/GUI Mobile Hyper-Casual/Sprites/Sprites by Menu/In Game-assets/Square Blue.png
  artifactKey: Guid(829212c20ba2ea642ac6037415712f87) Importer(815301076,1909f56bfc062723c751e8b465ee728b)
Start importing Assets/Art/GUI Mobile Hyper-Casual/Sprites/Sprites by Menu/In Game-assets/Square Blue.png using Guid(829212c20ba2ea642ac6037415712f87) Importer(815301076,1909f56bfc062723c751e8b465ee728b)  -> (artifact id: 'cb80158c59705fc9a82ba5f38ccd312b') in 0.023070 seconds 
========================================================================
Received Import Request.
  Time since last request: 0.000025 seconds.
  path: Assets/Art/GUI Mobile Hyper-Casual/Sprites/Items PSD + PNG/Icon Club/Shadow.png
  artifactKey: Guid(a6fc44f598809a34199e095b26cc7ff7) Importer(815301076,1909f56bfc062723c751e8b465ee728b)
Start importing Assets/Art/GUI Mobile Hyper-Casual/Sprites/Items PSD + PNG/Icon Club/Shadow.png using Guid(a6fc44f598809a34199e095b26cc7ff7) Importer(815301076,1909f56bfc062723c751e8b465ee728b)  -> (artifact id: '3c71ed8880ed83204369b6779791278e') in 0.035202 seconds 
========================================================================
Received Import Request.
  Time since last request: 0.000019 seconds.
  path: Assets/Art/GUI Mobile Hyper-Casual/Sprites/Items PSD + PNG/Sherif Stars/Sherif stars.psd
  artifactKey: Guid(c94fa3cc56c6dd8428854111ddeebf4a) Importer(815301076,1909f56bfc062723c751e8b465ee728b)
Start importing Assets/Art/GUI Mobile Hyper-Casual/Sprites/Items PSD + PNG/Sherif Stars/Sherif stars.psd using Guid(c94fa3cc56c6dd8428854111ddeebf4a) Importer(815301076,1909f56bfc062723c751e8b465ee728b)  -> (artifact id: '195c30a14c1203ebab313af52575db1d') in 0.042348 seconds 
========================================================================
Received Import Request.
  Time since last request: 0.000032 seconds.
  path: Assets/Art/GUI Mobile Hyper-Casual/Sprites/Items PSD + PNG/Sword/Sword.png
  artifactKey: Guid(cce3a9bf6164d4a4c8f5199a5c478681) Importer(815301076,1909f56bfc062723c751e8b465ee728b)
Start importing Assets/Art/GUI Mobile Hyper-Casual/Sprites/Items PSD + PNG/Sword/Sword.png using Guid(cce3a9bf6164d4a4c8f5199a5c478681) Importer(815301076,1909f56bfc062723c751e8b465ee728b)  -> (artifact id: '6210a2bb6e42f9dec26f22918cf429fa') in 0.040682 seconds 
========================================================================
Received Import Request.
  Time since last request: 0.000031 seconds.
  path: Assets/Art/GUI Mobile Hyper-Casual/Sprites/Items PSD + PNG/Store/Store.png
  artifactKey: Guid(80fafa9e5b3a37d4988102d89c0f418a) Importer(815301076,1909f56bfc062723c751e8b465ee728b)
Start importing Assets/Art/GUI Mobile Hyper-Casual/Sprites/Items PSD + PNG/Store/Store.png using Guid(80fafa9e5b3a37d4988102d89c0f418a) Importer(815301076,1909f56bfc062723c751e8b465ee728b)  -> (artifact id: '2e961e8db7635ada4a932d2c5f373410') in 0.033794 seconds 
========================================================================
Received Import Request.
  Time since last request: 0.544712 seconds.
  path: Assets/Art/GUI Mobile Hyper-Casual/Sprites/Items PSD + PNG/Target/Target.png
  artifactKey: Guid(c6530d17abecfda40b50113cf83dd433) Importer(815301076,1909f56bfc062723c751e8b465ee728b)
Start importing Assets/Art/GUI Mobile Hyper-Casual/Sprites/Items PSD + PNG/Target/Target.png using Guid(c6530d17abecfda40b50113cf83dd433) Importer(815301076,1909f56bfc062723c751e8b465ee728b)  -> (artifact id: 'da0fdf2e3f04112ec0d7f6c03603a5bc') in 0.033105 seconds 
========================================================================
Received Import Request.
  Time since last request: 0.000048 seconds.
  path: Assets/Art/GUI Mobile Hyper-Casual/Sprites/Additional White Icons/Tick.png
  artifactKey: Guid(9fd6b4b648ee2b949b04bb1d35496d63) Importer(815301076,1909f56bfc062723c751e8b465ee728b)
Start importing Assets/Art/GUI Mobile Hyper-Casual/Sprites/Additional White Icons/Tick.png using Guid(9fd6b4b648ee2b949b04bb1d35496d63) Importer(815301076,1909f56bfc062723c751e8b465ee728b)  -> (artifact id: '79a45fc194c174758954fdb31b180d25') in 0.032963 seconds 
========================================================================
Received Import Request.
  Time since last request: 0.000041 seconds.
  path: Assets/Art/GUI Mobile Hyper-Casual/Sprites/Additional White Icons/Trophy.png
  artifactKey: Guid(622512446a2443f4da7ba1ca9c089e2c) Importer(815301076,1909f56bfc062723c751e8b465ee728b)
Start importing Assets/Art/GUI Mobile Hyper-Casual/Sprites/Additional White Icons/Trophy.png using Guid(622512446a2443f4da7ba1ca9c089e2c) Importer(815301076,1909f56bfc062723c751e8b465ee728b)  -> (artifact id: '5764d0d347960f8fc4c7ba75a3c7837f') in 0.038282 seconds 
========================================================================
Received Import Request.
  Time since last request: 0.000038 seconds.
  path: Assets/Art/GUI Mobile Hyper-Casual/Sprites/Sprites by Menu/Prize Machine-assets/Top Prize Approved.png
  artifactKey: Guid(bc7a212f06d9d2e4f8a45e3f33139b1b) Importer(815301076,1909f56bfc062723c751e8b465ee728b)
Start importing Assets/Art/GUI Mobile Hyper-Casual/Sprites/Sprites by Menu/Prize Machine-assets/Top Prize Approved.png using Guid(bc7a212f06d9d2e4f8a45e3f33139b1b) Importer(815301076,1909f56bfc062723c751e8b465ee728b)  -> (artifact id: '0e1071937f368e3472a5434b313e82ae') in 0.026799 seconds 
========================================================================
Received Import Request.
  Time since last request: 0.506052 seconds.
  path: Assets/Art/GUI Mobile Hyper-Casual/Sprites/Items PSD + PNG/Potion/Potion/Turquoise.png
  artifactKey: Guid(f4a0a8d867f1ee24b8dbe5ab14ea5153) Importer(815301076,1909f56bfc062723c751e8b465ee728b)
Start importing Assets/Art/GUI Mobile Hyper-Casual/Sprites/Items PSD + PNG/Potion/Potion/Turquoise.png using Guid(f4a0a8d867f1ee24b8dbe5ab14ea5153) Importer(815301076,1909f56bfc062723c751e8b465ee728b)  -> (artifact id: 'b0e5edf4ca3b412f4dcac5823fa5c7f3') in 0.059879 seconds 
========================================================================
Received Import Request.
  Time since last request: 0.000034 seconds.
  path: Assets/Art/GUI Mobile Hyper-Casual/Sprites/Items PSD + PNG/Gift/White.png
  artifactKey: Guid(0b255608c8d94f04b88453715e175845) Importer(815301076,1909f56bfc062723c751e8b465ee728b)
Start importing Assets/Art/GUI Mobile Hyper-Casual/Sprites/Items PSD + PNG/Gift/White.png using Guid(0b255608c8d94f04b88453715e175845) Importer(815301076,1909f56bfc062723c751e8b465ee728b)  -> (artifact id: '115dda1f34125607041e8b4899cdb1a9') in 0.040508 seconds 
========================================================================
Received Import Request.
  Time since last request: 0.000036 seconds.
  path: Assets/Art/GUI Mobile Hyper-Casual/Sprites/Items PSD + PNG/Flag/White.png
  artifactKey: Guid(ff3dab5b19702d7448eeaa9a10e59db9) Importer(815301076,1909f56bfc062723c751e8b465ee728b)
Start importing Assets/Art/GUI Mobile Hyper-Casual/Sprites/Items PSD + PNG/Flag/White.png using Guid(ff3dab5b19702d7448eeaa9a10e59db9) Importer(815301076,1909f56bfc062723c751e8b465ee728b)  -> (artifact id: '0f132a62e1c51756d804befd021cdff3') in 0.035113 seconds 
========================================================================
Received Import Request.
  Time since last request: 0.000041 seconds.
  path: Assets/Art/GUI Mobile Hyper-Casual/Sprites/Items PSD + PNG/Badge/White.png
  artifactKey: Guid(193394f4d2301054b9154e8ecff0623f) Importer(815301076,1909f56bfc062723c751e8b465ee728b)
Start importing Assets/Art/GUI Mobile Hyper-Casual/Sprites/Items PSD + PNG/Badge/White.png using Guid(193394f4d2301054b9154e8ecff0623f) Importer(815301076,1909f56bfc062723c751e8b465ee728b)  -> (artifact id: 'b8b93f23b404547c700ea145e0e680b7') in 0.040575 seconds 
========================================================================
Received Import Request.
  Time since last request: 0.000026 seconds.
  path: Assets/Art/GUI Mobile Hyper-Casual/Sprites/Sprites by Menu/Home-assets/Unlok random 1.png
  artifactKey: Guid(764c880effa81a848bafadbd37cc0315) Importer(815301076,1909f56bfc062723c751e8b465ee728b)
Start importing Assets/Art/GUI Mobile Hyper-Casual/Sprites/Sprites by Menu/Home-assets/Unlok random 1.png using Guid(764c880effa81a848bafadbd37cc0315) Importer(815301076,1909f56bfc062723c751e8b465ee728b)  -> (artifact id: '07859d0a7f5c0d865db50cdecb9dc904') in 0.033510 seconds 
========================================================================
Received Import Request.
  Time since last request: 0.000044 seconds.
  path: Assets/Art/GUI Mobile Hyper-Casual/Sprites/Sprites by Menu/In Game-assets/Tuto Ellipse.png
  artifactKey: Guid(6e17e27cde593c245a8f34563057e558) Importer(815301076,1909f56bfc062723c751e8b465ee728b)
Start importing Assets/Art/GUI Mobile Hyper-Casual/Sprites/Sprites by Menu/In Game-assets/Tuto Ellipse.png using Guid(6e17e27cde593c245a8f34563057e558) Importer(815301076,1909f56bfc062723c751e8b465ee728b)  -> (artifact id: '3b468ed72366ab4ce10098125c8a888f') in 0.032008 seconds 
========================================================================
Received Import Request.
  Time since last request: 0.000022 seconds.
  path: Assets/Art/GUI Mobile Hyper-Casual/Sprites/Items PSD + PNG/TV/TV.png
  artifactKey: Guid(706f06ddf31c08d4799637affab714e7) Importer(815301076,1909f56bfc062723c751e8b465ee728b)
Start importing Assets/Art/GUI Mobile Hyper-Casual/Sprites/Items PSD + PNG/TV/TV.png using Guid(706f06ddf31c08d4799637affab714e7) Importer(815301076,1909f56bfc062723c751e8b465ee728b)  -> (artifact id: '5de754f3b76dd0b1e7926c0683467c1a') in 0.044707 seconds 
========================================================================
Received Import Request.
  Time since last request: 0.631189 seconds.
  path: Assets/Art/GUI Mobile Hyper-Casual/Sprites/Items PSD + PNG/Hourglass/White.png
  artifactKey: Guid(5bd6f78905861a547b57637883ea1329) Importer(815301076,1909f56bfc062723c751e8b465ee728b)
Start importing Assets/Art/GUI Mobile Hyper-Casual/Sprites/Items PSD + PNG/Hourglass/White.png using Guid(5bd6f78905861a547b57637883ea1329) Importer(815301076,1909f56bfc062723c751e8b465ee728b)  -> (artifact id: '685c709cdd45bf6d70b04c9512c2f795') in 0.038720 seconds 
========================================================================
Received Import Request.
  Time since last request: 0.000020 seconds.
  path: Assets/Art/GUI Mobile Hyper-Casual/Sprites/Items PSD + PNG/Open Book/White.png
  artifactKey: Guid(56cf2730653a0fb46bd5fe4e349d8e04) Importer(815301076,1909f56bfc062723c751e8b465ee728b)
Start importing Assets/Art/GUI Mobile Hyper-Casual/Sprites/Items PSD + PNG/Open Book/White.png using Guid(56cf2730653a0fb46bd5fe4e349d8e04) Importer(815301076,1909f56bfc062723c751e8b465ee728b)  -> (artifact id: 'e912b9caf7414281ef8ce825c0d88aa3') in 0.036826 seconds 
========================================================================
Received Import Request.
  Time since last request: 0.000056 seconds.
  path: Assets/Art/GUI Mobile Hyper-Casual/Sprites/Items PSD + PNG/Icon Club/White.png
  artifactKey: Guid(525b3150dc46c644e98633f78b4aefd4) Importer(815301076,1909f56bfc062723c751e8b465ee728b)
Start importing Assets/Art/GUI Mobile Hyper-Casual/Sprites/Items PSD + PNG/Icon Club/White.png using Guid(525b3150dc46c644e98633f78b4aefd4) Importer(815301076,1909f56bfc062723c751e8b465ee728b)  -> (artifact id: '8dccc2e4052d06fda682c691aaf4418a') in 0.036460 seconds 
========================================================================
Received Import Request.
  Time since last request: 0.000022 seconds.
  path: Assets/Art/GUI Mobile Hyper-Casual/Sprites/Items PSD + PNG/Mail/White.png
  artifactKey: Guid(21d27509c58756b4ab0e1f99a6c4af20) Importer(815301076,1909f56bfc062723c751e8b465ee728b)
Start importing Assets/Art/GUI Mobile Hyper-Casual/Sprites/Items PSD + PNG/Mail/White.png using Guid(21d27509c58756b4ab0e1f99a6c4af20) Importer(815301076,1909f56bfc062723c751e8b465ee728b)  -> (artifact id: 'e8811ce89bcff2c2483e7ad9b026dd4d') in 0.033530 seconds 
========================================================================
Received Import Request.
  Time since last request: 0.000033 seconds.
  path: Assets/Art/GUI Mobile Hyper-Casual/Sprites/Items PSD + PNG/Mushroom/White.png
  artifactKey: Guid(bbafaa80ed8e62543a37a370376f3a4f) Importer(815301076,1909f56bfc062723c751e8b465ee728b)
Start importing Assets/Art/GUI Mobile Hyper-Casual/Sprites/Items PSD + PNG/Mushroom/White.png using Guid(bbafaa80ed8e62543a37a370376f3a4f) Importer(815301076,1909f56bfc062723c751e8b465ee728b)  -> (artifact id: '9e62afd0ddbc986adb45bf8fb649ffca') in 0.031075 seconds 
========================================================================
Received Import Request.
  Time since last request: 0.000016 seconds.
  path: Assets/Art/GUI Mobile Hyper-Casual/Sprites/Items PSD + PNG/Crown/White.png
  artifactKey: Guid(597a8de9e2612bf419646cd82de66f34) Importer(815301076,1909f56bfc062723c751e8b465ee728b)
Start importing Assets/Art/GUI Mobile Hyper-Casual/Sprites/Items PSD + PNG/Crown/White.png using Guid(597a8de9e2612bf419646cd82de66f34) Importer(815301076,1909f56bfc062723c751e8b465ee728b)  -> (artifact id: '8cc93eeaaf99578f86eff1445eb3bb7e') in 0.039518 seconds 
========================================================================
Received Import Request.
  Time since last request: 0.765918 seconds.
  path: Assets/Art/GUI Mobile Hyper-Casual/Sprites/Sprites by Menu/Win-assets/WIN.png
  artifactKey: Guid(8d265aaf53b22cd4498a684f3dd0f214) Importer(815301076,1909f56bfc062723c751e8b465ee728b)
Start importing Assets/Art/GUI Mobile Hyper-Casual/Sprites/Sprites by Menu/Win-assets/WIN.png using Guid(8d265aaf53b22cd4498a684f3dd0f214) Importer(815301076,1909f56bfc062723c751e8b465ee728b)  -> (artifact id: '29040c70da0bc55db8ded19cbe92256b') in 0.032228 seconds 
========================================================================
Received Import Request.
  Time since last request: 0.000033 seconds.
  path: Assets/Art/GUI Mobile Hyper-Casual/Sprites/Sprites by Menu/Buttons-assets/Yellow Button Claim.png
  artifactKey: Guid(bba6ca03ebdc27b4cbc2a8e996280b7b) Importer(815301076,1909f56bfc062723c751e8b465ee728b)
Start importing Assets/Art/GUI Mobile Hyper-Casual/Sprites/Sprites by Menu/Buttons-assets/Yellow Button Claim.png using Guid(bba6ca03ebdc27b4cbc2a8e996280b7b) Importer(815301076,1909f56bfc062723c751e8b465ee728b)  -> (artifact id: 'e444b67c2959cbc0afd47fb9465d74f7') in 0.033546 seconds 
========================================================================
Received Import Request.
  Time since last request: 0.000025 seconds.
  path: Assets/Art/GUI Mobile Hyper-Casual/Sprites/Sprites by Menu/Buttons-assets/Yellow Buton OK.png
  artifactKey: Guid(950cc223f0ccb454fbc465474d358735) Importer(815301076,1909f56bfc062723c751e8b465ee728b)
Start importing Assets/Art/GUI Mobile Hyper-Casual/Sprites/Sprites by Menu/Buttons-assets/Yellow Buton OK.png using Guid(950cc223f0ccb454fbc465474d358735) Importer(815301076,1909f56bfc062723c751e8b465ee728b)  -> (artifact id: '1f39b6cdd65c64bdadf0eb4ec3fc76cc') in 0.027889 seconds 
========================================================================
Received Import Request.
  Time since last request: 0.000032 seconds.
  path: Assets/Art/GUI Mobile Hyper-Casual/Sprites/Items PSD + PNG/Diamonds/Diamonds/Yellow.png
  artifactKey: Guid(1ee839b0f2486ef49a6d153be06e8240) Importer(815301076,1909f56bfc062723c751e8b465ee728b)
Start importing Assets/Art/GUI Mobile Hyper-Casual/Sprites/Items PSD + PNG/Diamonds/Diamonds/Yellow.png using Guid(1ee839b0f2486ef49a6d153be06e8240) Importer(815301076,1909f56bfc062723c751e8b465ee728b)  -> (artifact id: '9fc6e823c938d432733cb88ff90d7908') in 0.034847 seconds 
========================================================================
Received Import Request.
  Time since last request: 0.000026 seconds.
  path: Assets/Art/GUI Mobile Hyper-Casual/Artwork PSD + Screens/SCREENS/Win 5.jpg
  artifactKey: Guid(84b435956ba14254bafae38a4726ff0b) Importer(815301076,1909f56bfc062723c751e8b465ee728b)
Start importing Assets/Art/GUI Mobile Hyper-Casual/Artwork PSD + Screens/SCREENS/Win 5.jpg using Guid(84b435956ba14254bafae38a4726ff0b) Importer(815301076,1909f56bfc062723c751e8b465ee728b)  -> (artifact id: '15b2020384770d58b5309654a374968d') in 0.183910 seconds 
========================================================================
Received Import Request.
  Time since last request: 0.000023 seconds.
  path: Assets/Art/GUI Mobile Hyper-Casual/Artwork PSD + Screens/PSD/Win.psd
  artifactKey: Guid(8af1cbe39ec74994d85767b95cbb4d59) Importer(815301076,1909f56bfc062723c751e8b465ee728b)
Start importing Assets/Art/GUI Mobile Hyper-Casual/Artwork PSD + Screens/PSD/Win.psd using Guid(8af1cbe39ec74994d85767b95cbb4d59) Importer(815301076,1909f56bfc062723c751e8b465ee728b)  -> (artifact id: '605277624864a12bb55928ef66d78c65') in 0.150488 seconds 
========================================================================
Received Import Request.
  Time since last request: 0.739334 seconds.
  path: Assets/Art/GUI Mobile Hyper-Casual/Sprites/Sprites by Menu/Buttons-assets/Yellow Button Play.png
  artifactKey: Guid(e9944d0ea1cca034bacab6d9c4305473) Importer(815301076,1909f56bfc062723c751e8b465ee728b)
Start importing Assets/Art/GUI Mobile Hyper-Casual/Sprites/Sprites by Menu/Buttons-assets/Yellow Button Play.png using Guid(e9944d0ea1cca034bacab6d9c4305473) Importer(815301076,1909f56bfc062723c751e8b465ee728b)  -> (artifact id: 'ba1ecba1d915a39bc89e987b75b639cc') in 0.029906 seconds 
========================================================================
Received Import Request.
  Time since last request: 0.000027 seconds.
  path: Assets/Art/GUI Mobile Hyper-Casual/Sprites/Sprites by Menu/In Game-assets/Yellow Elipse.png
  artifactKey: Guid(df8f599555ffb1d40aa27b16febf4390) Importer(815301076,1909f56bfc062723c751e8b465ee728b)
Start importing Assets/Art/GUI Mobile Hyper-Casual/Sprites/Sprites by Menu/In Game-assets/Yellow Elipse.png using Guid(df8f599555ffb1d40aa27b16febf4390) Importer(815301076,1909f56bfc062723c751e8b465ee728b)  -> (artifact id: 'd59dcfce9176b453031cfc947f9ff298') in 0.024280 seconds 
Editor requested this worker to shutdown with reason: Scaling down because of idle timeout
AssetImportWorker is now disconnected from the server
Process exiting
Exiting without the bug reporter. Application will terminate with return code 0